<?xml version="1.0" encoding="UTF-8"?>
<!-- Generated by org.testng.reporters.JUnitReportReporter -->
<testsuite skipped="0" hostname="DESKTOP-7965B6N" name="com.facebook.tests.LoginLogoutTest" tests="1" failures="0" timestamp="27 Aug 2020 05:57:39 GMT" time="14.681" errors="0">
  <testcase name="userLoginLogout" time="14.681" classname="com.facebook.tests.LoginLogoutTest"/>
</testsuite> <!-- com.facebook.tests.LoginLogoutTest -->
