<?xml version="1.0" encoding="UTF-8"?>
<!-- Generated by org.testng.reporters.JUnitReportReporter -->
<testsuite skipped="0" hostname="DESKTOP-7965B6N" name="com.facebook.tests.LoginTest" tests="1" failures="0" timestamp="27 Aug 2020 05:49:51 GMT" time="13.204" errors="0">
  <testcase name="userLogin" time="13.204" classname="com.facebook.tests.LoginTest"/>
</testsuite> <!-- com.facebook.tests.LoginTest -->
